QUERY PLAN                                                                                                                                                               
---------------------------------------------------------------------------------------------------------------------------------------------------------------------------------------------------------------------------------------------------------------------------------------------------------------------------------------
 [                                                                                                                                                                                                                                                                                                                                    +
   {                                                                                                                                                                                                                                                                                                                                  +
     "Plan": {                                                                                                                                                                                                                                                                                                                        +
       "Node Type": "Sort",                                                                                                                                                                                                                                                                                                           +
       "Parallel Aware": false,                                                                                                                                                                                                                                                                                                       +
       "Async Capable": false,                                                                                                                                                                                                                                                                                                        +
       "Startup Cost": 52886.43,                                                                                                                                                                                                                                                                                                      +
       "Total Cost": 52886.44,                                                                                                                                                                                                                                                                                                        +
       "Plan Rows": 1,                                                                                                                                                                                                                                                                                                                +
       "Plan Width": 1310,                                                                                                                                                                                                                                                                                                            +
       "Sort Key": ["cs1.product_name", "cs1.store_name", "cs2.cnt", "cs1.s1", "cs2.s1"],                                                                                                                                                                                                                                             +
       "Plans": [                                                                                                                                                                                                                                                                                                                     +
         {                                                                                                                                                                                                                                                                                                                            +
           "Node Type": "Aggregate",                                                                                                                                                                                                                                                                                                  +
           "Strategy": "Sorted",                                                                                                                                                                                                                                                                                                      +
           "Partial Mode": "Simple",                                                                                                                                                                                                                                                                                                  +
           "Parent Relationship": "InitPlan",                                                                                                                                                                                                                                                                                         +
           "Subplan Name": "CTE cross_sales",                                                                                                                                                                                                                                                                                         +
           "Parallel Aware": false,                                                                                                                                                                                                                                                                                                   +
           "Async Capable": false,                                                                                                                                                                                                                                                                                                    +
           "Startup Cost": 52757.26,                                                                                                                                                                                                                                                                                                  +
           "Total Cost": 52886.36,                                                                                                                                                                                                                                                                                                    +
           "Plan Rows": 1,                                                                                                                                                                                                                                                                                                            +
           "Plan Width": 267,                                                                                                                                                                                                                                                                                                         +
           "Group Key": ["item.i_item_sk", "store.s_store_name", "store.s_zip", "ad1.ca_street_number", "ad1.ca_street_name", "ad1.ca_city", "ad1.ca_zip", "ad2.ca_street_number", "ad2.ca_street_name", "ad2.ca_city", "ad2.ca_zip", "d1.d_year", "d2.d_year", "d3.d_year"],                                                         +
           "Plans": [                                                                                                                                                                                                                                                                                                                 +
             {                                                                                                                                                                                                                                                                                                                        +
               "Node Type": "Incremental Sort",                                                                                                                                                                                                                                                                                       +
               "Parent Relationship": "Outer",                                                                                                                                                                                                                                                                                        +
               "Parallel Aware": false,                                                                                                                                                                                                                                                                                               +
               "Async Capable": false,                                                                                                                                                                                                                                                                                                +
               "Startup Cost": 52757.26,                                                                                                                                                                                                                                                                                              +
               "Total Cost": 52886.25,                                                                                                                                                                                                                                                                                                +
               "Plan Rows": 2,                                                                                                                                                                                                                                                                                                        +
               "Plan Width": 178,                                                                                                                                                                                                                                                                                                     +
               "Sort Key": ["item.i_item_sk", "store.s_store_name", "store.s_zip", "ad1.ca_street_number", "ad1.ca_street_name", "ad1.ca_city", "ad1.ca_zip", "ad2.ca_street_number", "ad2.ca_street_name", "ad2.ca_city", "ad2.ca_zip", "d1.d_year", "d2.d_year", "d3.d_year"],                                                      +
               "Presorted Key": ["item.i_item_sk"],                                                                                                                                                                                                                                                                                   +
               "Plans": [                                                                                                                                                                                                                                                                                                             +
                 {                                                                                                                                                                                                                                                                                                                    +
                   "Node Type": "Nested Loop",                                                                                                                                                                                                                                                                                        +
                   "Parent Relationship": "Outer",                                                                                                                                                                                                                                                                                    +
                   "Parallel Aware": false,                                                                                                                                                                                                                                                                                           +
                   "Async Capable": false,                                                                                                                                                                                                                                                                                            +
                   "Join Type": "Inner",                                                                                                                                                                                                                                                                                              +
                   "Startup Cost": 52628.33,                                                                                                                                                                                                                                                                                          +
                   "Total Cost": 52886.16,                                                                                                                                                                                                                                                                                            +
                   "Plan Rows": 1,                                                                                                                                                                                                                                                                                                    +
                   "Plan Width": 178,                                                                                                                                                                                                                                                                                                 +
                   "Inner Unique": true,                                                                                                                                                                                                                                                                                              +
                   "Plans": [                                                                                                                                                                                                                                                                                                         +
                     {                                                                                                                                                                                                                                                                                                                +
                       "Node Type": "Nested Loop",                                                                                                                                                                                                                                                                                    +
                       "Parent Relationship": "Outer",                                                                                                                                                                                                                                                                                +
                       "Parallel Aware": false,                                                                                                                                                                                                                                                                                       +
                       "Async Capable": false,                                                                                                                                                                                                                                                                                        +
                       "Join Type": "Inner",                                                                                                                                                                                                                                                                                          +
                       "Startup Cost": 52628.19,                                                                                                                                                                                                                                                                                      +
                       "Total Cost": 52886.00,                                                                                                                                                                                                                                                                                        +
                       "Plan Rows": 1,                                                                                                                                                                                                                                                                                                +
                       "Plan Width": 182,                                                                                                                                                                                                                                                                                             +
                       "Inner Unique": true,                                                                                                                                                                                                                                                                                          +
                       "Plans": [                                                                                                                                                                                                                                                                                                     +
                         {                                                                                                                                                                                                                                                                                                            +
                           "Node Type": "Nested Loop",                                                                                                                                                                                                                                                                                +
                           "Parent Relationship": "Outer",                                                                                                                                                                                                                                                                            +
                           "Parallel Aware": false,                                                                                                                                                                                                                                                                                   +
                           "Async Capable": false,                                                                                                                                                                                                                                                                                    +
                           "Join Type": "Inner",                                                                                                                                                                                                                                                                                      +
                           "Startup Cost": 52627.90,                                                                                                                                                                                                                                                                                  +
                           "Total Cost": 52885.65,                                                                                                                                                                                                                                                                                    +
                           "Plan Rows": 1,                                                                                                                                                                                                                                                                                            +
                           "Plan Width": 146,                                                                                                                                                                                                                                                                                         +
                           "Inner Unique": true,                                                                                                                                                                                                                                                                                      +
                           "Plans": [                                                                                                                                                                                                                                                                                                 +
                             {                                                                                                                                                                                                                                                                                                        +
                               "Node Type": "Nested Loop",                                                                                                                                                                                                                                                                            +
                               "Parent Relationship": "Outer",                                                                                                                                                                                                                                                                        +
                               "Parallel Aware": false,                                                                                                                                                                                                                                                                               +
                               "Async Capable": false,                                                                                                                                                                                                                                                                                +
                               "Join Type": "Inner",                                                                                                                                                                                                                                                                                  +
                               "Startup Cost": 52627.75,                                                                                                                                                                                                                                                                              +
                               "Total Cost": 52885.48,                                                                                                                                                                                                                                                                                +
                               "Plan Rows": 1,                                                                                                                                                                                                                                                                                        +
                               "Plan Width": 150,                                                                                                                                                                                                                                                                                     +
                               "Inner Unique": true,                                                                                                                                                                                                                                                                                  +
                               "Join Filter": "(cd1.cd_marital_status <> cd2.cd_marital_status)",                                                                                                                                                                                                                                     +
                               "Plans": [                                                                                                                                                                                                                                                                                             +
                                 {                                                                                                                                                                                                                                                                                                    +
                                   "Node Type": "Nested Loop",                                                                                                                                                                                                                                                                        +
                                   "Parent Relationship": "Outer",                                                                                                                                                                                                                                                                    +
                                   "Parallel Aware": false,                                                                                                                                                                                                                                                                           +
                                   "Async Capable": false,                                                                                                                                                                                                                                                                            +
                                   "Join Type": "Inner",                                                                                                                                                                                                                                                                              +
                                   "Startup Cost": 52627.33,                                                                                                                                                                                                                                                                          +
                                   "Total Cost": 52883.94,                                                                                                                                                                                                                                                                            +
                                   "Plan Rows": 1,                                                                                                                                                                                                                                                                                    +
                                   "Plan Width": 156,                                                                                                                                                                                                                                                                                 +
                                   "Inner Unique": true,                                                                                                                                                                                                                                                                              +
                                   "Plans": [                                                                                                                                                                                                                                                                                         +
                                     {                                                                                                                                                                                                                                                                                                +
                                       "Node Type": "Nested Loop",                                                                                                                                                                                                                                                                    +
                                       "Parent Relationship": "Outer",                                                                                                                                                                                                                                                                +
                                       "Parallel Aware": false,                                                                                                                                                                                                                                                                       +
                                       "Async Capable": false,                                                                                                                                                                                                                                                                        +
                                       "Join Type": "Inner",                                                                                                                                                                                                                                                                          +
                                       "Startup Cost": 52627.19,                                                                                                                                                                                                                                                                      +
                                       "Total Cost": 52883.78,                                                                                                                                                                                                                                                                        +
                                       "Plan Rows": 1,                                                                                                                                                                                                                                                                                +
                                       "Plan Width": 160,                                                                                                                                                                                                                                                                             +
                                       "Inner Unique": true,                                                                                                                                                                                                                                                                          +
                                       "Plans": [                                                                                                                                                                                                                                                                                     +
                                         {                                                                                                                                                                                                                                                                                            +
                                           "Node Type": "Nested Loop",                                                                                                                                                                                                                                                                +
                                           "Parent Relationship": "Outer",                                                                                                                                                                                                                                                            +
                                           "Parallel Aware": false,                                                                                                                                                                                                                                                                   +
                                           "Async Capable": false,                                                                                                                                                                                                                                                                    +
                                           "Join Type": "Inner",                                                                                                                                                                                                                                                                      +
                                           "Startup Cost": 52626.90,                                                                                                                                                                                                                                                                  +
                                           "Total Cost": 52883.41,                                                                                                                                                                                                                                                                    +
                                           "Plan Rows": 1,                                                                                                                                                                                                                                                                            +
                                           "Plan Width": 160,                                                                                                                                                                                                                                                                         +
                                           "Inner Unique": true,                                                                                                                                                                                                                                                                      +
                                           "Plans": [                                                                                                                                                                                                                                                                                 +
                                             {                                                                                                                                                                                                                                                                                        +
                                               "Node Type": "Nested Loop",                                                                                                                                                                                                                                                            +
                                               "Parent Relationship": "Outer",                                                                                                                                                                                                                                                        +
                                               "Parallel Aware": false,                                                                                                                                                                                                                                                               +
                                               "Async Capable": false,                                                                                                                                                                                                                                                                +
                                               "Join Type": "Inner",                                                                                                                                                                                                                                                                  +
                                               "Startup Cost": 52626.61,                                                                                                                                                                                                                                                              +
                                               "Total Cost": 52883.10,                                                                                                                                                                                                                                                                +
                                               "Plan Rows": 1,                                                                                                                                                                                                                                                                        +
                                               "Plan Width": 160,                                                                                                                                                                                                                                                                     +
                                               "Inner Unique": true,                                                                                                                                                                                                                                                                  +
                                               "Plans": [                                                                                                                                                                                                                                                                             +
                                                 {                                                                                                                                                                                                                                                                                    +
                                                   "Node Type": "Nested Loop",                                                                                                                                                                                                                                                        +
                                                   "Parent Relationship": "Outer",                                                                                                                                                                                                                                                    +
                                                   "Parallel Aware": false,                                                                                                                                                                                                                                                           +
                                                   "Async Capable": false,                                                                                                                                                                                                                                                            +
                                                   "Join Type": "Inner",                                                                                                                                                                                                                                                              +
                                                   "Startup Cost": 52626.32,                                                                                                                                                                                                                                                          +
                                                   "Total Cost": 52882.73,                                                                                                                                                                                                                                                            +
                                                   "Plan Rows": 1,                                                                                                                                                                                                                                                                    +
                                                   "Plan Width": 160,                                                                                                                                                                                                                                                                 +
                                                   "Inner Unique": true,                                                                                                                                                                                                                                                              +
                                                   "Plans": [                                                                                                                                                                                                                                                                         +
                                                     {                                                                                                                                                                                                                                                                                +
                                                       "Node Type": "Nested Loop",                                                                                                                                                                                                                                                    +
                                                       "Parent Relationship": "Outer",                                                                                                                                                                                                                                                +
                                                       "Parallel Aware": false,                                                                                                                                                                                                                                                       +
                                                       "Async Capable": false,                                                                                                                                                                                                                                                        +
                                                       "Join Type": "Inner",                                                                                                                                                                                                                                                          +
                                                       "Startup Cost": 52626.03,                                                                                                                                                                                                                                                      +
                                                       "Total Cost": 52882.41,                                                                                                                                                                                                                                                        +
                                                       "Plan Rows": 1,                                                                                                                                                                                                                                                                +
                                                       "Plan Width": 144,                                                                                                                                                                                                                                                             +
                                                       "Inner Unique": true,                                                                                                                                                                                                                                                          +
                                                       "Plans": [                                                                                                                                                                                                                                                                     +
                                                         {                                                                                                                                                                                                                                                                            +
                                                           "Node Type": "Nested Loop",                                                                                                                                                                                                                                                +
                                                           "Parent Relationship": "Outer",                                                                                                                                                                                                                                            +
                                                           "Parallel Aware": false,                                                                                                                                                                                                                                                   +
                                                           "Async Capable": false,                                                                                                                                                                                                                                                    +
                                                           "Join Type": "Inner",                                                                                                                                                                                                                                                      +
                                                           "Startup Cost": 52625.89,                                                                                                                                                                                                                                                  +
                                                           "Total Cost": 52882.26,                                                                                                                                                                                                                                                    +
                                                           "Plan Rows": 1,                                                                                                                                                                                                                                                            +
                                                           "Plan Width": 132,                                                                                                                                                                                                                                                         +
                                                           "Inner Unique": true,                                                                                                                                                                                                                                                      +
                                                           "Plans": [                                                                                                                                                                                                                                                                 +
                                                             {                                                                                                                                                                                                                                                                        +
                                                               "Node Type": "Nested Loop",                                                                                                                                                                                                                                            +
                                                               "Parent Relationship": "Outer",                                                                                                                                                                                                                                        +
                                                               "Parallel Aware": false,                                                                                                                                                                                                                                               +
                                                               "Async Capable": false,                                                                                                                                                                                                                                                +
                                                               "Join Type": "Inner",                                                                                                                                                                                                                                                  +
                                                               "Startup Cost": 52625.47,                                                                                                                                                                                                                                              +
                                                               "Total Cost": 52881.78,                                                                                                                                                                                                                                                +
                                                               "Plan Rows": 1,                                                                                                                                                                                                                                                        +
                                                               "Plan Width": 134,                                                                                                                                                                                                                                                     +
                                                               "Inner Unique": true,                                                                                                                                                                                                                                                  +
                                                               "Plans": [                                                                                                                                                                                                                                                             +
                                                                 {                                                                                                                                                                                                                                                                    +
                                                                   "Node Type": "Nested Loop",                                                                                                                                                                                                                                        +
                                                                   "Parent Relationship": "Outer",                                                                                                                                                                                                                                    +
                                                                   "Parallel Aware": false,                                                                                                                                                                                                                                           +
                                                                   "Async Capable": false,                                                                                                                                                                                                                                            +
                                                                   "Join Type": "Inner",                                                                                                                                                                                                                                              +
                                                                   "Startup Cost": 52625.17,                                                                                                                                                                                                                                          +
                                                                   "Total Cost": 52881.46,                                                                                                                                                                                                                                            +
                                                                   "Plan Rows": 1,                                                                                                                                                                                                                                                    +
                                                                   "Plan Width": 134,                                                                                                                                                                                                                                                 +
                                                                   "Inner Unique": true,                                                                                                                                                                                                                                              +
                                                                   "Plans": [                                                                                                                                                                                                                                                         +
                                                                     {                                                                                                                                                                                                                                                                +
                                                                       "Node Type": "Nested Loop",                                                                                                                                                                                                                                    +
                                                                       "Parent Relationship": "Outer",                                                                                                                                                                                                                                +
                                                                       "Parallel Aware": false,                                                                                                                                                                                                                                       +
                                                                       "Async Capable": false,                                                                                                                                                                                                                                        +
                                                                       "Join Type": "Inner",                                                                                                                                                                                                                                          +
                                                                       "Startup Cost": 52624.88,                                                                                                                                                                                                                                      +
                                                                       "Total Cost": 52881.15,                                                                                                                                                                                                                                        +
                                                                       "Plan Rows": 1,                                                                                                                                                                                                                                                +
                                                                       "Plan Width": 98,                                                                                                                                                                                                                                              +
                                                                       "Inner Unique": true,                                                                                                                                                                                                                                          +
                                                                       "Plans": [                                                                                                                                                                                                                                                     +
                                                                         {                                                                                                                                                                                                                                                            +
                                                                           "Node Type": "Nested Loop",                                                                                                                                                                                                                                +
                                                                           "Parent Relationship": "Outer",                                                                                                                                                                                                                            +
                                                                           "Parallel Aware": false,                                                                                                                                                                                                                                   +
                                                                           "Async Capable": false,                                                                                                                                                                                                                                    +
                                                                           "Join Type": "Inner",                                                                                                                                                                                                                                      +
                                                                           "Startup Cost": 52624.60,                                                                                                                                                                                                                                  +
                                                                           "Total Cost": 52880.85,                                                                                                                                                                                                                                    +
                                                                           "Plan Rows": 1,                                                                                                                                                                                                                                            +
                                                                           "Plan Width": 98,                                                                                                                                                                                                                                          +
                                                                           "Inner Unique": true,                                                                                                                                                                                                                                      +
                                                                           "Join Filter": "(store_sales.ss_item_sk = item.i_item_sk)",                                                                                                                                                                                                +
                                                                           "Plans": [                                                                                                                                                                                                                                                 +
                                                                             {                                                                                                                                                                                                                                                        +
                                                                               "Node Type": "Nested Loop",                                                                                                                                                                                                                            +
                                                                               "Parent Relationship": "Outer",                                                                                                                                                                                                                        +
                                                                               "Parallel Aware": false,                                                                                                                                                                                                                               +
                                                                               "Async Capable": false,                                                                                                                                                                                                                                +
                                                                               "Join Type": "Inner",                                                                                                                                                                                                                                  +
                                                                               "Startup Cost": 52624.17,                                                                                                                                                                                                                              +
                                                                               "Total Cost": 52859.47,                                                                                                                                                                                                                                +
                                                                               "Plan Rows": 16,                                                                                                                                                                                                                                       +
                                                                               "Plan Width": 67,                                                                                                                                                                                                                                      +
                                                                               "Inner Unique": false,                                                                                                                                                                                                                                 +
                                                                               "Join Filter": "(store_returns.sr_item_sk = item.i_item_sk)",                                                                                                                                                                                          +
                                                                               "Plans": [                                                                                                                                                                                                                                             +
                                                                                 {                                                                                                                                                                                                                                                    +
                                                                                   "Node Type": "Nested Loop",                                                                                                                                                                                                                        +
                                                                                   "Parent Relationship": "Outer",                                                                                                                                                                                                                    +
                                                                                   "Parallel Aware": false,                                                                                                                                                                                                                           +
                                                                                   "Async Capable": false,                                                                                                                                                                                                                            +
                                                                                   "Join Type": "Inner",                                                                                                                                                                                                                              +
                                                                                   "Startup Cost": 52623.75,                                                                                                                                                                                                                          +
                                                                                   "Total Cost": 52854.15,                                                                                                                                                                                                                            +
                                                                                   "Plan Rows": 1,                                                                                                                                                                                                                                    +
                                                                                   "Plan Width": 59,                                                                                                                                                                                                                                  +
                                                                                   "Inner Unique": true,                                                                                                                                                                                                                              +
                                                                                   "Plans": [                                                                                                                                                                                                                                         +
                                                                                     {                                                                                                                                                                                                                                                +
                                                                                       "Node Type": "Aggregate",                                                                                                                                                                                                                      +
                                                                                       "Strategy": "Sorted",                                                                                                                                                                                                                          +
                                                                                       "Partial Mode": "Finalize",                                                                                                                                                                                                                    +
                                                                                       "Parent Relationship": "Outer",                                                                                                                                                                                                                +
                                                                                       "Parallel Aware": false,                                                                                                                                                                                                                       +
                                                                                       "Async Capable": false,                                                                                                                                                                                                                        +
                                                                                       "Startup Cost": 52623.45,                                                                                                                                                                                                                      +
                                                                                       "Total Cost": 52635.79,                                                                                                                                                                                                                        +
                                                                                       "Plan Rows": 29,                                                                                                                                                                                                                               +
                                                                                       "Plan Width": 68,                                                                                                                                                                                                                              +
                                                                                       "Group Key": ["catalog_sales.cs_item_sk"],                                                                                                                                                                                                     +
                                                                                       "Filter": "(sum(catalog_sales.cs_ext_list_price) > ('2'::numeric * sum(((catalog_returns.cr_refunded_cash + catalog_returns.cr_reversed_charge) + catalog_returns.cr_store_credit))))",                                                        +
                                                                                       "Plans": [                                                                                                                                                                                                                                     +
                                                                                         {                                                                                                                                                                                                                                            +
                                                                                           "Node Type": "Gather Merge",                                                                                                                                                                                                               +
                                                                                           "Parent Relationship": "Outer",                                                                                                                                                                                                            +
                                                                                           "Parallel Aware": false,                                                                                                                                                                                                                   +
                                                                                           "Async Capable": false,                                                                                                                                                                                                                    +
                                                                                           "Startup Cost": 52623.45,                                                                                                                                                                                                                  +
                                                                                           "Total Cost": 52633.10,                                                                                                                                                                                                                    +
                                                                                           "Plan Rows": 74,                                                                                                                                                                                                                           +
                                                                                           "Plan Width": 68,                                                                                                                                                                                                                          +
                                                                                           "Workers Planned": 2,                                                                                                                                                                                                                      +
                                                                                           "Plans": [                                                                                                                                                                                                                                 +
                                                                                             {                                                                                                                                                                                                                                        +
                                                                                               "Node Type": "Aggregate",                                                                                                                                                                                                              +
                                                                                               "Strategy": "Sorted",                                                                                                                                                                                                                  +
                                                                                               "Partial Mode": "Partial",                                                                                                                                                                                                             +
                                                                                               "Parent Relationship": "Outer",                                                                                                                                                                                                        +
                                                                                               "Parallel Aware": false,                                                                                                                                                                                                               +
                                                                                               "Async Capable": false,                                                                                                                                                                                                                +
                                                                                               "Startup Cost": 51623.43,                                                                                                                                                                                                              +
                                                                                               "Total Cost": 51624.54,                                                                                                                                                                                                                +
                                                                                               "Plan Rows": 37,                                                                                                                                                                                                                       +
                                                                                               "Plan Width": 68,                                                                                                                                                                                                                      +
                                                                                               "Group Key": ["catalog_sales.cs_item_sk"],                                                                                                                                                                                             +
                                                                                               "Plans": [                                                                                                                                                                                                                             +
                                                                                                 {                                                                                                                                                                                                                                    +
                                                                                                   "Node Type": "Sort",                                                                                                                                                                                                               +
                                                                                                   "Parent Relationship": "Outer",                                                                                                                                                                                                    +
                                                                                                   "Parallel Aware": false,                                                                                                                                                                                                           +
                                                                                                   "Async Capable": false,                                                                                                                                                                                                            +
                                                                                                   "Startup Cost": 51623.43,                                                                                                                                                                                                          +
                                                                                                   "Total Cost": 51623.52,                                                                                                                                                                                                            +
                                                                                                   "Plan Rows": 37,                                                                                                                                                                                                                   +
                                                                                                   "Plan Width": 29,                                                                                                                                                                                                                  +
                                                                                                   "Sort Key": ["catalog_sales.cs_item_sk"],                                                                                                                                                                                          +
                                                                                                   "Plans": [                                                                                                                                                                                                                         +
                                                                                                     {                                                                                                                                                                                                                                +
                                                                                                       "Node Type": "Hash Join",                                                                                                                                                                                                      +
                                                                                                       "Parent Relationship": "Outer",                                                                                                                                                                                                +
                                                                                                       "Parallel Aware": true,                                                                                                                                                                                                        +
                                                                                                       "Async Capable": false,                                                                                                                                                                                                        +
                                                                                                       "Join Type": "Inner",                                                                                                                                                                                                          +
                                                                                                       "Startup Cost": 5014.63,                                                                                                                                                                                                       +
                                                                                                       "Total Cost": 51622.46,                                                                                                                                                                                                        +
                                                                                                       "Plan Rows": 37,                                                                                                                                                                                                               +
                                                                                                       "Plan Width": 29,                                                                                                                                                                                                              +
                                                                                                       "Inner Unique": true,                                                                                                                                                                                                          +
                                                                                                       "Hash Cond": "((catalog_sales.cs_item_sk = catalog_returns.cr_item_sk) AND (catalog_sales.cs_order_number = catalog_returns.cr_order_number))",                                                                                +
                                                                                                       "Plans": [                                                                                                                                                                                                                     +
                                                                                                         {                                                                                                                                                                                                                            +
                                                                                                           "Node Type": "Seq Scan",                                                                                                                                                                                                   +
                                                                                                           "Parent Relationship": "Outer",                                                                                                                                                                                            +
                                                                                                           "Parallel Aware": true,                                                                                                                                                                                                    +
                                                                                                           "Async Capable": false,                                                                                                                                                                                                    +
                                                                                                           "Relation Name": "catalog_sales",                                                                                                                                                                                          +
                                                                                                           "Alias": "catalog_sales",                                                                                                                                                                                                  +
                                                                                                           "Startup Cost": 0.00,                                                                                                                                                                                                      +
                                                                                                           "Total Cost": 43454.45,                                                                                                                                                                                                    +
                                                                                                           "Plan Rows": 600645,                                                                                                                                                                                                       +
                                                                                                           "Plan Width": 15                                                                                                                                                                                                           +
                                                                                                         },                                                                                                                                                                                                                           +
                                                                                                         {                                                                                                                                                                                                                            +
                                                                                                           "Node Type": "Hash",                                                                                                                                                                                                       +
                                                                                                           "Parent Relationship": "Inner",                                                                                                                                                                                            +
                                                                                                           "Parallel Aware": true,                                                                                                                                                                                                    +
                                                                                                           "Async Capable": false,                                                                                                                                                                                                    +
                                                                                                           "Startup Cost": 3743.45,                                                                                                                                                                                                   +
                                                                                                           "Total Cost": 3743.45,                                                                                                                                                                                                     +
                                                                                                           "Plan Rows": 84745,                                                                                                                                                                                                        +
                                                                                                           "Plan Width": 26,                                                                                                                                                                                                          +
                                                                                                           "Plans": [                                                                                                                                                                                                                 +
                                                                                                             {                                                                                                                                                                                                                        +
                                                                                                               "Node Type": "Seq Scan",                                                                                                                                                                                               +
                                                                                                               "Parent Relationship": "Outer",                                                                                                                                                                                        +
                                                                                                               "Parallel Aware": true,                                                                                                                                                                                                +
                                                                                                               "Async Capable": false,                                                                                                                                                                                                +
                                                                                                               "Relation Name": "catalog_returns",                                                                                                                                                                                    +
                                                                                                               "Alias": "catalog_returns",                                                                                                                                                                                            +
                                                                                                               "Startup Cost": 0.00,                                                                                                                                                                                                  +
                                                                                                               "Total Cost": 3743.45,                                                                                                                                                                                                 +
                                                                                                               "Plan Rows": 84745,                                                                                                                                                                                                    +
                                                                                                               "Plan Width": 26                                                                                                                                                                                                       +
                                                                                                             }                                                                                                                                                                                                                        +
                                                                                                           ]                                                                                                                                                                                                                          +
                                                                                                         }                                                                                                                                                                                                                            +
                                                                                                       ]                                                                                                                                                                                                                              +
                                                                                                     }                                                                                                                                                                                                                                +
                                                                                                   ]                                                                                                                                                                                                                                  +
                                                                                                 }                                                                                                                                                                                                                                    +
                                                                                               ]                                                                                                                                                                                                                                      +
                                                                                             }                                                                                                                                                                                                                                        +
                                                                                           ]                                                                                                                                                                                                                                          +
                                                                                         }                                                                                                                                                                                                                                            +
                                                                                       ]                                                                                                                                                                                                                                              +
                                                                                     },                                                                                                                                                                                                                                               +
                                                                                     {                                                                                                                                                                                                                                                +
                                                                                       "Node Type": "Memoize",                                                                                                                                                                                                                        +
                                                                                       "Parent Relationship": "Inner",                                                                                                                                                                                                                +
                                                                                       "Parallel Aware": false,                                                                                                                                                                                                                       +
                                                                                       "Async Capable": false,                                                                                                                                                                                                                        +
                                                                                       "Startup Cost": 0.30,                                                                                                                                                                                                                          +
                                                                                       "Total Cost": 7.50,                                                                                                                                                                                                                            +
                                                                                       "Plan Rows": 1,                                                                                                                                                                                                                                +
                                                                                       "Plan Width": 55,                                                                                                                                                                                                                              +
                                                                                       "Cache Key": "catalog_sales.cs_item_sk",                                                                                                                                                                                                       +
                                                                                       "Cache Mode": "logical",                                                                                                                                                                                                                       +
                                                                                       "Plans": [                                                                                                                                                                                                                                     +
                                                                                         {                                                                                                                                                                                                                                            +
                                                                                           "Node Type": "Index Scan",                                                                                                                                                                                                                 +
                                                                                           "Parent Relationship": "Outer",                                                                                                                                                                                                            +
                                                                                           "Parallel Aware": false,                                                                                                                                                                                                                   +
                                                                                           "Async Capable": false,                                                                                                                                                                                                                    +
                                                                                           "Scan Direction": "Forward",                                                                                                                                                                                                               +
                                                                                           "Index Name": "item_pkey",                                                                                                                                                                                                                 +
                                                                                           "Relation Name": "item",                                                                                                                                                                                                                   +
                                                                                           "Alias": "item",                                                                                                                                                                                                                           +
                                                                                           "Startup Cost": 0.29,                                                                                                                                                                                                                      +
                                                                                           "Total Cost": 7.49,                                                                                                                                                                                                                        +
                                                                                           "Plan Rows": 1,                                                                                                                                                                                                                            +
                                                                                           "Plan Width": 55,                                                                                                                                                                                                                          +
                                                                                           "Index Cond": "(i_item_sk = catalog_sales.cs_item_sk)",                                                                                                                                                                                    +
                                                                                           "Filter": "((i_current_price >= '48'::numeric) AND (i_current_price <= '58'::numeric) AND (i_current_price >= '49'::numeric) AND (i_current_price <= '63'::numeric) AND (i_color = ANY ('{orange,lace,lawn,misty,blush,pink}'::bpchar[])))"+
                                                                                         }                                                                                                                                                                                                                                            +
                                                                                       ]                                                                                                                                                                                                                                              +
                                                                                     }                                                                                                                                                                                                                                                +
                                                                                   ]                                                                                                                                                                                                                                                  +
                                                                                 },                                                                                                                                                                                                                                                   +
                                                                                 {                                                                                                                                                                                                                                                    +
                                                                                   "Node Type": "Index Only Scan",                                                                                                                                                                                                                    +
                                                                                   "Parent Relationship": "Inner",                                                                                                                                                                                                                    +
                                                                                   "Parallel Aware": false,                                                                                                                                                                                                                           +
                                                                                   "Async Capable": false,                                                                                                                                                                                                                            +
                                                                                   "Scan Direction": "Forward",                                                                                                                                                                                                                       +
                                                                                   "Index Name": "store_returns_pkey",                                                                                                                                                                                                                +
                                                                                   "Relation Name": "store_returns",                                                                                                                                                                                                                  +
                                                                                   "Alias": "store_returns",                                                                                                                                                                                                                          +
                                                                                   "Startup Cost": 0.42,                                                                                                                                                                                                                              +
                                                                                   "Total Cost": 5.12,                                                                                                                                                                                                                                +
                                                                                   "Plan Rows": 16,                                                                                                                                                                                                                                   +
                                                                                   "Plan Width": 8,                                                                                                                                                                                                                                   +
                                                                                   "Index Cond": "(sr_item_sk = catalog_sales.cs_item_sk)"                                                                                                                                                                                            +
                                                                                 }                                                                                                                                                                                                                                                    +
                                                                               ]                                                                                                                                                                                                                                                      +
                                                                             },                                                                                                                                                                                                                                                       +
                                                                             {                                                                                                                                                                                                                                                        +
                                                                               "Node Type": "Index Scan",                                                                                                                                                                                                                             +
                                                                               "Parent Relationship": "Inner",                                                                                                                                                                                                                        +
                                                                               "Parallel Aware": false,                                                                                                                                                                                                                               +
                                                                               "Async Capable": false,                                                                                                                                                                                                                                +
                                                                               "Scan Direction": "Forward",                                                                                                                                                                                                                           +
                                                                               "Index Name": "store_sales_pkey",                                                                                                                                                                                                                      +
                                                                               "Relation Name": "store_sales",                                                                                                                                                                                                                        +
                                                                               "Alias": "store_sales",                                                                                                                                                                                                                                +
                                                                               "Startup Cost": 0.43,                                                                                                                                                                                                                                  +
                                                                               "Total Cost": 1.32,                                                                                                                                                                                                                                    +
                                                                               "Plan Rows": 1,                                                                                                                                                                                                                                        +
                                                                               "Plan Width": 51,                                                                                                                                                                                                                                      +
                                                                               "Index Cond": "((ss_item_sk = store_returns.sr_item_sk) AND (ss_ticket_number = store_returns.sr_ticket_number))"                                                                                                                                      +
                                                                             }                                                                                                                                                                                                                                                        +
                                                                           ]                                                                                                                                                                                                                                                          +
                                                                         },                                                                                                                                                                                                                                                           +
                                                                         {                                                                                                                                                                                                                                                            +
                                                                           "Node Type": "Index Scan",                                                                                                                                                                                                                                 +
                                                                           "Parent Relationship": "Inner",                                                                                                                                                                                                                            +
                                                                           "Parallel Aware": false,                                                                                                                                                                                                                                   +
                                                                           "Async Capable": false,                                                                                                                                                                                                                                    +
                                                                           "Scan Direction": "Forward",                                                                                                                                                                                                                               +
                                                                           "Index Name": "household_demographics_pkey",                                                                                                                                                                                                               +
                                                                           "Relation Name": "household_demographics",                                                                                                                                                                                                                 +
                                                                           "Alias": "hd1",                                                                                                                                                                                                                                            +
                                                                           "Startup Cost": 0.28,                                                                                                                                                                                                                                      +
                                                                           "Total Cost": 0.30,                                                                                                                                                                                                                                        +
                                                                           "Plan Rows": 1,                                                                                                                                                                                                                                            +
                                                                           "Plan Width": 8,                                                                                                                                                                                                                                           +
                                                                           "Index Cond": "(hd_demo_sk = store_sales.ss_hdemo_sk)"                                                                                                                                                                                                     +
                                                                         }                                                                                                                                                                                                                                                            +
                                                                       ]                                                                                                                                                                                                                                                              +
                                                                     },                                                                                                                                                                                                                                                               +
                                                                     {                                                                                                                                                                                                                                                                +
                                                                       "Node Type": "Index Scan",                                                                                                                                                                                                                                     +
                                                                       "Parent Relationship": "Inner",                                                                                                                                                                                                                                +
                                                                       "Parallel Aware": false,                                                                                                                                                                                                                                       +
                                                                       "Async Capable": false,                                                                                                                                                                                                                                        +
                                                                       "Scan Direction": "Forward",                                                                                                                                                                                                                                   +
                                                                       "Index Name": "customer_address_pkey",                                                                                                                                                                                                                         +
                                                                       "Relation Name": "customer_address",                                                                                                                                                                                                                           +
                                                                       "Alias": "ad1",                                                                                                                                                                                                                                                +
                                                                       "Startup Cost": 0.29,                                                                                                                                                                                                                                          +
                                                                       "Total Cost": 0.31,                                                                                                                                                                                                                                            +
                                                                       "Plan Rows": 1,                                                                                                                                                                                                                                                +
                                                                       "Plan Width": 44,                                                                                                                                                                                                                                              +
                                                                       "Index Cond": "(ca_address_sk = store_sales.ss_addr_sk)"                                                                                                                                                                                                       +
                                                                     }                                                                                                                                                                                                                                                                +
                                                                   ]                                                                                                                                                                                                                                                                  +
                                                                 },                                                                                                                                                                                                                                                                   +
                                                                 {                                                                                                                                                                                                                                                                    +
                                                                   "Node Type": "Index Scan",                                                                                                                                                                                                                                         +
                                                                   "Parent Relationship": "Inner",                                                                                                                                                                                                                                    +
                                                                   "Parallel Aware": false,                                                                                                                                                                                                                                           +
                                                                   "Async Capable": false,                                                                                                                                                                                                                                            +
                                                                   "Scan Direction": "Forward",                                                                                                                                                                                                                                       +
                                                                   "Index Name": "date_dim_pkey",                                                                                                                                                                                                                                     +
                                                                   "Relation Name": "date_dim",                                                                                                                                                                                                                                       +
                                                                   "Alias": "d1",                                                                                                                                                                                                                                                     +
                                                                   "Startup Cost": 0.29,                                                                                                                                                                                                                                              +
                                                                   "Total Cost": 0.31,                                                                                                                                                                                                                                                +
                                                                   "Plan Rows": 1,                                                                                                                                                                                                                                                    +
                                                                   "Plan Width": 8,                                                                                                                                                                                                                                                   +
                                                                   "Index Cond": "(d_date_sk = store_sales.ss_sold_date_sk)"                                                                                                                                                                                                          +
                                                                 }                                                                                                                                                                                                                                                                    +
                                                               ]                                                                                                                                                                                                                                                                      +
                                                             },                                                                                                                                                                                                                                                                       +
                                                             {                                                                                                                                                                                                                                                                        +
                                                               "Node Type": "Index Scan",                                                                                                                                                                                                                                             +
                                                               "Parent Relationship": "Inner",                                                                                                                                                                                                                                        +
                                                               "Parallel Aware": false,                                                                                                                                                                                                                                               +
                                                               "Async Capable": false,                                                                                                                                                                                                                                                +
                                                               "Scan Direction": "Forward",                                                                                                                                                                                                                                           +
                                                               "Index Name": "customer_demographics_pkey",                                                                                                                                                                                                                            +
                                                               "Relation Name": "customer_demographics",                                                                                                                                                                                                                              +
                                                               "Alias": "cd1",                                                                                                                                                                                                                                                        +
                                                               "Startup Cost": 0.43,                                                                                                                                                                                                                                                  +
                                                               "Total Cost": 0.48,                                                                                                                                                                                                                                                    +
                                                               "Plan Rows": 1,                                                                                                                                                                                                                                                        +
                                                               "Plan Width": 6,                                                                                                                                                                                                                                                       +
                                                               "Index Cond": "(cd_demo_sk = store_sales.ss_cdemo_sk)"                                                                                                                                                                                                                 +
                                                             }                                                                                                                                                                                                                                                                        +
                                                           ]                                                                                                                                                                                                                                                                          +
                                                         },                                                                                                                                                                                                                                                                           +
                                                         {                                                                                                                                                                                                                                                                            +
                                                           "Node Type": "Index Scan",                                                                                                                                                                                                                                                 +
                                                           "Parent Relationship": "Inner",                                                                                                                                                                                                                                            +
                                                           "Parallel Aware": false,                                                                                                                                                                                                                                                   +
                                                           "Async Capable": false,                                                                                                                                                                                                                                                    +
                                                           "Scan Direction": "Forward",                                                                                                                                                                                                                                               +
                                                           "Index Name": "store_pkey",                                                                                                                                                                                                                                                +
                                                           "Relation Name": "store",                                                                                                                                                                                                                                                  +
                                                           "Alias": "store",                                                                                                                                                                                                                                                          +
                                                           "Startup Cost": 0.14,                                                                                                                                                                                                                                                      +
                                                           "Total Cost": 0.15,                                                                                                                                                                                                                                                        +
                                                           "Plan Rows": 1,                                                                                                                                                                                                                                                            +
                                                           "Plan Width": 20,                                                                                                                                                                                                                                                          +
                                                           "Index Cond": "(s_store_sk = store_sales.ss_store_sk)"                                                                                                                                                                                                                     +
                                                         }                                                                                                                                                                                                                                                                            +
                                                       ]                                                                                                                                                                                                                                                                              +
                                                     },                                                                                                                                                                                                                                                                               +
                                                     {                                                                                                                                                                                                                                                                                +
                                                       "Node Type": "Index Scan",                                                                                                                                                                                                                                                     +
                                                       "Parent Relationship": "Inner",                                                                                                                                                                                                                                                +
                                                       "Parallel Aware": false,                                                                                                                                                                                                                                                       +
                                                       "Async Capable": false,                                                                                                                                                                                                                                                        +
                                                       "Scan Direction": "Forward",                                                                                                                                                                                                                                                   +
                                                       "Index Name": "customer_pkey",                                                                                                                                                                                                                                                 +
                                                       "Relation Name": "customer",                                                                                                                                                                                                                                                   +
                                                       "Alias": "customer",                                                                                                                                                                                                                                                           +
                                                       "Startup Cost": 0.29,                                                                                                                                                                                                                                                          +
                                                       "Total Cost": 0.31,                                                                                                                                                                                                                                                            +
                                                       "Plan Rows": 1,                                                                                                                                                                                                                                                                +
                                                       "Plan Width": 24,                                                                                                                                                                                                                                                              +
                                                       "Index Cond": "(c_customer_sk = store_sales.ss_customer_sk)"                                                                                                                                                                                                                   +
                                                     }                                                                                                                                                                                                                                                                                +
                                                   ]                                                                                                                                                                                                                                                                                  +
                                                 },                                                                                                                                                                                                                                                                                   +
                                                 {                                                                                                                                                                                                                                                                                    +
                                                   "Node Type": "Index Scan",                                                                                                                                                                                                                                                         +
                                                   "Parent Relationship": "Inner",                                                                                                                                                                                                                                                    +
                                                   "Parallel Aware": false,                                                                                                                                                                                                                                                           +
                                                   "Async Capable": false,                                                                                                                                                                                                                                                            +
                                                   "Scan Direction": "Forward",                                                                                                                                                                                                                                                       +
                                                   "Index Name": "date_dim_pkey",                                                                                                                                                                                                                                                     +
                                                   "Relation Name": "date_dim",                                                                                                                                                                                                                                                       +
                                                   "Alias": "d3",                                                                                                                                                                                                                                                                     +
                                                   "Startup Cost": 0.29,                                                                                                                                                                                                                                                              +
                                                   "Total Cost": 0.38,                                                                                                                                                                                                                                                                +
                                                   "Plan Rows": 1,                                                                                                                                                                                                                                                                    +
                                                   "Plan Width": 8,                                                                                                                                                                                                                                                                   +
                                                   "Index Cond": "(d_date_sk = customer.c_first_shipto_date_sk)"                                                                                                                                                                                                                      +
                                                 }                                                                                                                                                                                                                                                                                    +
                                               ]                                                                                                                                                                                                                                                                                      +
                                             },                                                                                                                                                                                                                                                                                       +
                                             {                                                                                                                                                                                                                                                                                        +
                                               "Node Type": "Index Scan",                                                                                                                                                                                                                                                             +
                                               "Parent Relationship": "Inner",                                                                                                                                                                                                                                                        +
                                               "Parallel Aware": false,                                                                                                                                                                                                                                                               +
                                               "Async Capable": false,                                                                                                                                                                                                                                                                +
                                               "Scan Direction": "Forward",                                                                                                                                                                                                                                                           +
                                               "Index Name": "household_demographics_pkey",                                                                                                                                                                                                                                           +
                                               "Relation Name": "household_demographics",                                                                                                                                                                                                                                             +
                                               "Alias": "hd2",                                                                                                                                                                                                                                                                        +
                                               "Startup Cost": 0.28,                                                                                                                                                                                                                                                                  +
                                               "Total Cost": 0.30,                                                                                                                                                                                                                                                                    +
                                               "Plan Rows": 1,                                                                                                                                                                                                                                                                        +
                                               "Plan Width": 8,                                                                                                                                                                                                                                                                       +
                                               "Index Cond": "(hd_demo_sk = customer.c_current_hdemo_sk)"                                                                                                                                                                                                                             +
                                             }                                                                                                                                                                                                                                                                                        +
                                           ]                                                                                                                                                                                                                                                                                          +
                                         },                                                                                                                                                                                                                                                                                           +
                                         {                                                                                                                                                                                                                                                                                            +
                                           "Node Type": "Index Scan",                                                                                                                                                                                                                                                                 +
                                           "Parent Relationship": "Inner",                                                                                                                                                                                                                                                            +
                                           "Parallel Aware": false,                                                                                                                                                                                                                                                                   +
                                           "Async Capable": false,                                                                                                                                                                                                                                                                    +
                                           "Scan Direction": "Forward",                                                                                                                                                                                                                                                               +
                                           "Index Name": "date_dim_pkey",                                                                                                                                                                                                                                                             +
                                           "Relation Name": "date_dim",                                                                                                                                                                                                                                                               +
                                           "Alias": "d2",                                                                                                                                                                                                                                                                             +
                                           "Startup Cost": 0.29,                                                                                                                                                                                                                                                                      +
                                           "Total Cost": 0.38,                                                                                                                                                                                                                                                                        +
                                           "Plan Rows": 1,                                                                                                                                                                                                                                                                            +
                                           "Plan Width": 8,                                                                                                                                                                                                                                                                           +
                                           "Index Cond": "(d_date_sk = customer.c_first_sales_date_sk)"                                                                                                                                                                                                                               +
                                         }                                                                                                                                                                                                                                                                                            +
                                       ]                                                                                                                                                                                                                                                                                              +
                                     },                                                                                                                                                                                                                                                                                               +
                                     {                                                                                                                                                                                                                                                                                                +
                                       "Node Type": "Index Only Scan",                                                                                                                                                                                                                                                                +
                                       "Parent Relationship": "Inner",                                                                                                                                                                                                                                                                +
                                       "Parallel Aware": false,                                                                                                                                                                                                                                                                       +
                                       "Async Capable": false,                                                                                                                                                                                                                                                                        +
                                       "Scan Direction": "Forward",                                                                                                                                                                                                                                                                   +
                                       "Index Name": "income_band_pkey",                                                                                                                                                                                                                                                              +
                                       "Relation Name": "income_band",                                                                                                                                                                                                                                                                +
                                       "Alias": "ib2",                                                                                                                                                                                                                                                                                +
                                       "Startup Cost": 0.14,                                                                                                                                                                                                                                                                          +
                                       "Total Cost": 0.16,                                                                                                                                                                                                                                                                            +
                                       "Plan Rows": 1,                                                                                                                                                                                                                                                                                +
                                       "Plan Width": 4,                                                                                                                                                                                                                                                                               +
                                       "Index Cond": "(ib_income_band_sk = hd2.hd_income_band_sk)"                                                                                                                                                                                                                                    +
                                     }                                                                                                                                                                                                                                                                                                +
                                   ]                                                                                                                                                                                                                                                                                                  +
                                 },                                                                                                                                                                                                                                                                                                   +
                                 {                                                                                                                                                                                                                                                                                                    +
                                   "Node Type": "Index Scan",                                                                                                                                                                                                                                                                         +
                                   "Parent Relationship": "Inner",                                                                                                                                                                                                                                                                    +
                                   "Parallel Aware": false,                                                                                                                                                                                                                                                                           +
                                   "Async Capable": false,                                                                                                                                                                                                                                                                            +
                                   "Scan Direction": "Forward",                                                                                                                                                                                                                                                                       +
                                   "Index Name": "customer_demographics_pkey",                                                                                                                                                                                                                                                        +
                                   "Relation Name": "customer_demographics",                                                                                                                                                                                                                                                          +
                                   "Alias": "cd2",                                                                                                                                                                                                                                                                                    +
                                   "Startup Cost": 0.43,                                                                                                                                                                                                                                                                              +
                                   "Total Cost": 1.53,                                                                                                                                                                                                                                                                                +
                                   "Plan Rows": 1,                                                                                                                                                                                                                                                                                    +
                                   "Plan Width": 6,                                                                                                                                                                                                                                                                                   +
                                   "Index Cond": "(cd_demo_sk = customer.c_current_cdemo_sk)"                                                                                                                                                                                                                                         +
                                 }                                                                                                                                                                                                                                                                                                    +
                               ]                                                                                                                                                                                                                                                                                                      +
                             },                                                                                                                                                                                                                                                                                                       +
                             {                                                                                                                                                                                                                                                                                                        +
                               "Node Type": "Index Only Scan",                                                                                                                                                                                                                                                                        +
                               "Parent Relationship": "Inner",                                                                                                                                                                                                                                                                        +
                               "Parallel Aware": false,                                                                                                                                                                                                                                                                               +
                               "Async Capable": false,                                                                                                                                                                                                                                                                                +
                               "Scan Direction": "Forward",                                                                                                                                                                                                                                                                           +
                               "Index Name": "promotion_pkey",                                                                                                                                                                                                                                                                        +
                               "Relation Name": "promotion",                                                                                                                                                                                                                                                                          +
                               "Alias": "promotion",                                                                                                                                                                                                                                                                                  +
                               "Startup Cost": 0.15,                                                                                                                                                                                                                                                                                  +
                               "Total Cost": 0.17,                                                                                                                                                                                                                                                                                    +
                               "Plan Rows": 1,                                                                                                                                                                                                                                                                                        +
                               "Plan Width": 4,                                                                                                                                                                                                                                                                                       +
                               "Index Cond": "(p_promo_sk = store_sales.ss_promo_sk)"                                                                                                                                                                                                                                                 +
                             }                                                                                                                                                                                                                                                                                                        +
                           ]                                                                                                                                                                                                                                                                                                          +
                         },                                                                                                                                                                                                                                                                                                           +
                         {                                                                                                                                                                                                                                                                                                            +
                           "Node Type": "Index Scan",                                                                                                                                                                                                                                                                                 +
                           "Parent Relationship": "Inner",                                                                                                                                                                                                                                                                            +
                           "Parallel Aware": false,                                                                                                                                                                                                                                                                                   +
                           "Async Capable": false,                                                                                                                                                                                                                                                                                    +
                           "Scan Direction": "Forward",                                                                                                                                                                                                                                                                               +
                           "Index Name": "customer_address_pkey",                                                                                                                                                                                                                                                                     +
                           "Relation Name": "customer_address",                                                                                                                                                                                                                                                                       +
                           "Alias": "ad2",                                                                                                                                                                                                                                                                                            +
                           "Startup Cost": 0.29,                                                                                                                                                                                                                                                                                      +
                           "Total Cost": 0.36,                                                                                                                                                                                                                                                                                        +
                           "Plan Rows": 1,                                                                                                                                                                                                                                                                                            +
                           "Plan Width": 44,                                                                                                                                                                                                                                                                                          +
                           "Index Cond": "(ca_address_sk = customer.c_current_addr_sk)"                                                                                                                                                                                                                                               +
                         }                                                                                                                                                                                                                                                                                                            +
                       ]                                                                                                                                                                                                                                                                                                              +
                     },                                                                                                                                                                                                                                                                                                               +
                     {                                                                                                                                                                                                                                                                                                                +
                       "Node Type": "Index Only Scan",                                                                                                                                                                                                                                                                                +
                       "Parent Relationship": "Inner",                                                                                                                                                                                                                                                                                +
                       "Parallel Aware": false,                                                                                                                                                                                                                                                                                       +
                       "Async Capable": false,                                                                                                                                                                                                                                                                                        +
                       "Scan Direction": "Forward",                                                                                                                                                                                                                                                                                   +
                       "Index Name": "income_band_pkey",                                                                                                                                                                                                                                                                              +
                       "Relation Name": "income_band",                                                                                                                                                                                                                                                                                +
                       "Alias": "ib1",                                                                                                                                                                                                                                                                                                +
                       "Startup Cost": 0.14,                                                                                                                                                                                                                                                                                          +
                       "Total Cost": 0.16,                                                                                                                                                                                                                                                                                            +
                       "Plan Rows": 1,                                                                                                                                                                                                                                                                                                +
                       "Plan Width": 4,                                                                                                                                                                                                                                                                                               +
                       "Index Cond": "(ib_income_band_sk = hd1.hd_income_band_sk)"                                                                                                                                                                                                                                                    +
                     }                                                                                                                                                                                                                                                                                                                +
                   ]                                                                                                                                                                                                                                                                                                                  +
                 }                                                                                                                                                                                                                                                                                                                    +
               ]                                                                                                                                                                                                                                                                                                                      +
             }                                                                                                                                                                                                                                                                                                                        +
           ]                                                                                                                                                                                                                                                                                                                          +
         },                                                                                                                                                                                                                                                                                                                           +
         {                                                                                                                                                                                                                                                                                                                            +
           "Node Type": "Nested Loop",                                                                                                                                                                                                                                                                                                +
           "Parent Relationship": "Outer",                                                                                                                                                                                                                                                                                            +
           "Parallel Aware": false,                                                                                                                                                                                                                                                                                                   +
           "Async Capable": false,                                                                                                                                                                                                                                                                                                    +
           "Join Type": "Inner",                                                                                                                                                                                                                                                                                                      +
           "Startup Cost": 0.00,                                                                                                                                                                                                                                                                                                      +
           "Total Cost": 0.07,                                                                                                                                                                                                                                                                                                        +
           "Plan Rows": 1,                                                                                                                                                                                                                                                                                                            +
           "Plan Width": 1310,                                                                                                                                                                                                                                                                                                        +
           "Inner Unique": false,                                                                                                                                                                                                                                                                                                     +
           "Join Filter": "((cs2.cnt <= cs1.cnt) AND (cs1.item_sk = cs2.item_sk) AND ((cs1.store_name)::text = (cs2.store_name)::text) AND (cs1.store_zip = cs2.store_zip))",                                                                                                                                                         +
           "Plans": [                                                                                                                                                                                                                                                                                                                 +
             {                                                                                                                                                                                                                                                                                                                        +
               "Node Type": "CTE Scan",                                                                                                                                                                                                                                                                                               +
               "Parent Relationship": "Outer",                                                                                                                                                                                                                                                                                        +
               "Parallel Aware": false,                                                                                                                                                                                                                                                                                               +
               "Async Capable": false,                                                                                                                                                                                                                                                                                                +
               "CTE Name": "cross_sales",                                                                                                                                                                                                                                                                                             +
               "Alias": "cs1",                                                                                                                                                                                                                                                                                                        +
               "Startup Cost": 0.00,                                                                                                                                                                                                                                                                                                  +
               "Total Cost": 0.02,                                                                                                                                                                                                                                                                                                    +
               "Plan Rows": 1,                                                                                                                                                                                                                                                                                                        +
               "Plan Width": 1206,                                                                                                                                                                                                                                                                                                    +
               "Filter": "(syear = 1999)"                                                                                                                                                                                                                                                                                             +
             },                                                                                                                                                                                                                                                                                                                       +
             {                                                                                                                                                                                                                                                                                                                        +
               "Node Type": "CTE Scan",                                                                                                                                                                                                                                                                                               +
               "Parent Relationship": "Inner",                                                                                                                                                                                                                                                                                        +
               "Parallel Aware": false,                                                                                                                                                                                                                                                                                               +
               "Async Capable": false,                                                                                                                                                                                                                                                                                                +
               "CTE Name": "cross_sales",                                                                                                                                                                                                                                                                                             +
               "Alias": "cs2",                                                                                                                                                                                                                                                                                                        +
               "Startup Cost": 0.00,                                                                                                                                                                                                                                                                                                  +
               "Total Cost": 0.02,                                                                                                                                                                                                                                                                                                    +
               "Plan Rows": 1,                                                                                                                                                                                                                                                                                                        +
               "Plan Width": 274,                                                                                                                                                                                                                                                                                                     +
               "Filter": "(syear = 2000)"                                                                                                                                                                                                                                                                                             +
             }                                                                                                                                                                                                                                                                                                                        +
           ]                                                                                                                                                                                                                                                                                                                          +
         }                                                                                                                                                                                                                                                                                                                            +
       ]                                                                                                                                                                                                                                                                                                                              +
     }                                                                                                                                                                                                                                                                                                                                +
   }                                                                                                                                                                                                                                                                                                                                  +
 ]
(1 row)

